<?xml version="1.0" encoding="UTF-8"?>
<testng-results ignored="0" total="3" passed="3" failed="0" skipped="0">
  <reporter-output>
  </reporter-output>
  <suite started-at="2022-01-23T03:41:12 MST" name="Default suite" finished-at="2022-01-23T03:41:17 MST" duration-ms="4932">
    <groups>
    </groups>
    <test started-at="2022-01-23T03:41:12 MST" name="Default test" finished-at="2022-01-23T03:41:17 MST" duration-ms="4932">
      <class name="libraryAPITests.DynamicJson">
        <test-method signature="addBook(java.lang.String,java.lang.String)[pri:0, instance:libraryAPITests.DynamicJson@3745e5c6]" started-at="2022-01-23T03:41:12 MST" name="addBook" data-provider="bookData" finished-at="2022-01-23T03:41:15 MST" duration-ms="3373" status="PASS">
          <params>
            <param index="0">
              <value>
                <![CDATA[adhdjk]]>
              </value>
            </param>
            <param index="1">
              <value>
                <![CDATA[hg7y]]>
              </value>
            </param>
          </params>
          <reporter-output>
          </reporter-output>
        </test-method> <!-- addBook -->
        <test-method signature="addBook(java.lang.String,java.lang.String)[pri:0, instance:libraryAPITests.DynamicJson@3745e5c6]" started-at="2022-01-23T03:41:15 MST" name="addBook" data-provider="bookData" finished-at="2022-01-23T03:41:16 MST" duration-ms="743" status="PASS">
          <params>
            <param index="0">
              <value>
                <![CDATA[hda3jfk]]>
              </value>
            </param>
            <param index="1">
              <value>
                <![CDATA[udt8]]>
              </value>
            </param>
          </params>
          <reporter-output>
          </reporter-output>
        </test-method> <!-- addBook -->
        <test-method signature="addBook(java.lang.String,java.lang.String)[pri:0, instance:libraryAPITests.DynamicJson@3745e5c6]" started-at="2022-01-23T03:41:16 MST" name="addBook" data-provider="bookData" finished-at="2022-01-23T03:41:17 MST" duration-ms="767" status="PASS">
          <params>
            <param index="0">
              <value>
                <![CDATA[ghjfj]]>
              </value>
            </param>
            <param index="1">
              <value>
                <![CDATA[guygf6]]>
              </value>
            </param>
          </params>
          <reporter-output>
          </reporter-output>
        </test-method> <!-- addBook -->
      </class> <!-- libraryAPITests.DynamicJson -->
    </test> <!-- Default test -->
  </suite> <!-- Default suite -->
</testng-results>
