<?xml version="1.0" encoding="UTF-8"?>
<testng-results ignored="0" total="4" passed="3" failed="1" skipped="0">
  <reporter-output>
  </reporter-output>
  <suite started-at="2021-12-02T01:27:57 MST" name="Suite" finished-at="2021-12-02T01:28:38 MST" duration-ms="40679">
    <groups>
    </groups>
    <test started-at="2021-12-02T01:27:57 MST" name="Test" finished-at="2021-12-02T01:28:38 MST" duration-ms="40679">
      <class name="learningTestNGWithRealCode.Login">
        <test-method is-config="true" signature="openBrowserAndEnterURL()[pri:0, instance:learningTestNGWithRealCode.Login@130161f7]" started-at="2021-12-02T01:27:57 MST" name="openBrowserAndEnterURL" finished-at="2021-12-02T01:28:04 MST" duration-ms="6696" status="PASS">
          <reporter-output>
          </reporter-output>
        </test-method> <!-- openBrowserAndEnterURL -->
        <test-method signature="registration()[pri:1, instance:learningTestNGWithRealCode.Login@130161f7]" started-at="2021-12-02T01:28:04 MST" name="registration" finished-at="2021-12-02T01:28:04 MST" duration-ms="111" status="FAIL">
          <exception class="org.openqa.selenium.ElementNotInteractableException">
            <message>
              <![CDATA[element not interactable
  (Session info: chrome=96.0.4664.55)
Build info: version: '4.0.0', revision: '3a21814679'
System info: host: 'Swopneels-MBP.domain', ip: 'fe80:0:0:0:1450:12be:1cb5:820a%en0', os.name: 'Mac OS X', os.arch: 'x86_64', os.version: '12.0.1', java.version: '17.0.1'
Driver info: org.openqa.selenium.chrome.ChromeDriver
Command: [92ae25457d1e2b9a7de20b5729a4604b, clickElement {id=4cba0c2e-856c-4f15-abbe-eb3b90010e9f}]
Capabilities {acceptInsecureCerts: false, browserName: chrome, browserVersion: 96.0.4664.55, chrome: {chromedriverVersion: 96.0.4664.45 (76e4c1bb2ab46..., userDataDir: /var/folders/vx/kgys9yfj0v1...}, goog:chromeOptions: {debuggerAddress: localhost:56954}, javascriptEnabled: true, networkConnectionEnabled: false, pageLoadStrategy: normal, platform: MAC, platformName: MAC, proxy: Proxy(), se:cdp: ws://localhost:56954/devtoo..., se:cdpVersion: 96.0.4664.55, setWindowRect: true, strictFileInteractability: false, timeouts: {implicit: 0, pageLoad: 300000, script: 30000}, unhandledPromptBehavior: dismiss and notify, webauthn:extension:credBlob: true, webauthn:extension:largeBlob: true, webauthn:virtualAuthenticators: true}
Element: [[ChromeDriver: chrome on MAC (92ae25457d1e2b9a7de20b5729a4604b)] -> xpath: //a[text()='Register']]
Session ID: 92ae25457d1e2b9a7de20b5729a4604b]]>
            </message>
            <full-stacktrace>
              <![CDATA[org.openqa.selenium.ElementNotInteractableException: element not interactable
  (Session info: chrome=96.0.4664.55)
Build info: version: '4.0.0', revision: '3a21814679'
System info: host: 'Swopneels-MBP.domain', ip: 'fe80:0:0:0:1450:12be:1cb5:820a%en0', os.name: 'Mac OS X', os.arch: 'x86_64', os.version: '12.0.1', java.version: '17.0.1'
Driver info: org.openqa.selenium.chrome.ChromeDriver
Command: [92ae25457d1e2b9a7de20b5729a4604b, clickElement {id=4cba0c2e-856c-4f15-abbe-eb3b90010e9f}]
Capabilities {acceptInsecureCerts: false, browserName: chrome, browserVersion: 96.0.4664.55, chrome: {chromedriverVersion: 96.0.4664.45 (76e4c1bb2ab46..., userDataDir: /var/folders/vx/kgys9yfj0v1...}, goog:chromeOptions: {debuggerAddress: localhost:56954}, javascriptEnabled: true, networkConnectionEnabled: false, pageLoadStrategy: normal, platform: MAC, platformName: MAC, proxy: Proxy(), se:cdp: ws://localhost:56954/devtoo..., se:cdpVersion: 96.0.4664.55, setWindowRect: true, strictFileInteractability: false, timeouts: {implicit: 0, pageLoad: 300000, script: 30000}, unhandledPromptBehavior: dismiss and notify, webauthn:extension:credBlob: true, webauthn:extension:largeBlob: true, webauthn:virtualAuthenticators: true}
Element: [[ChromeDriver: chrome on MAC (92ae25457d1e2b9a7de20b5729a4604b)] -> xpath: //a[text()='Register']]
Session ID: 92ae25457d1e2b9a7de20b5729a4604b
at java.base/jdk.internal.reflect.NativeConstructorAccessorImpl.newInstance0(Native Method)
at java.base/jdk.internal.reflect.NativeConstructorAccessorImpl.newInstance(NativeConstructorAccessorImpl.java:77)
at java.base/jdk.internal.reflect.DelegatingConstructorAccessorImpl.newInstance(DelegatingConstructorAccessorImpl.java:45)
at java.base/java.lang.reflect.Constructor.newInstanceWithCaller(Constructor.java:499)
at java.base/java.lang.reflect.Constructor.newInstance(Constructor.java:480)
at org.openqa.selenium.remote.codec.w3c.W3CHttpResponseCodec.createException(W3CHttpResponseCodec.java:200)
at org.openqa.selenium.remote.codec.w3c.W3CHttpResponseCodec.decode(W3CHttpResponseCodec.java:133)
at org.openqa.selenium.remote.codec.w3c.W3CHttpResponseCodec.decode(W3CHttpResponseCodec.java:53)
at org.openqa.selenium.remote.HttpCommandExecutor.execute(HttpCommandExecutor.java:184)
at org.openqa.selenium.remote.service.DriverCommandExecutor.invokeExecute(DriverCommandExecutor.java:164)
at org.openqa.selenium.remote.service.DriverCommandExecutor.execute(DriverCommandExecutor.java:139)
at org.openqa.selenium.remote.RemoteWebDriver.execute(RemoteWebDriver.java:559)
at org.openqa.selenium.remote.RemoteWebElement.execute(RemoteWebElement.java:251)
at org.openqa.selenium.remote.RemoteWebElement.click(RemoteWebElement.java:77)
at learningTestNGWithRealCode.Login.registration(Login.java:135)
at java.base/jdk.internal.reflect.NativeMethodAccessorImpl.invoke0(Native Method)
at java.base/jdk.internal.reflect.NativeMethodAccessorImpl.invoke(NativeMethodAccessorImpl.java:77)
at java.base/jdk.internal.reflect.DelegatingMethodAccessorImpl.invoke(DelegatingMethodAccessorImpl.java:43)
at java.base/java.lang.reflect.Method.invoke(Method.java:568)
at org.testng.internal.MethodInvocationHelper.invokeMethod(MethodInvocationHelper.java:133)
at org.testng.internal.TestInvoker.invokeMethod(TestInvoker.java:598)
at org.testng.internal.TestInvoker.invokeTestMethod(TestInvoker.java:173)
at org.testng.internal.MethodRunner.runInSequence(MethodRunner.java:46)
at org.testng.internal.TestInvoker$MethodInvocationAgent.invoke(TestInvoker.java:824)
at org.testng.internal.TestInvoker.invokeTestMethods(TestInvoker.java:146)
at org.testng.internal.TestMethodWorker.invokeTestMethods(TestMethodWorker.java:146)
at org.testng.internal.TestMethodWorker.run(TestMethodWorker.java:128)
at java.base/java.util.ArrayList.forEach(ArrayList.java:1511)
at org.testng.TestRunner.privateRun(TestRunner.java:794)
at org.testng.TestRunner.run(TestRunner.java:596)
at org.testng.SuiteRunner.runTest(SuiteRunner.java:377)
at org.testng.SuiteRunner.runSequentially(SuiteRunner.java:371)
at org.testng.SuiteRunner.privateRun(SuiteRunner.java:332)
at org.testng.SuiteRunner.run(SuiteRunner.java:276)
at org.testng.SuiteRunnerWorker.runSuite(SuiteRunnerWorker.java:53)
at org.testng.SuiteRunnerWorker.run(SuiteRunnerWorker.java:96)
at org.testng.TestNG.runSuitesSequentially(TestNG.java:1212)
at org.testng.TestNG.runSuitesLocally(TestNG.java:1134)
at org.testng.TestNG.runSuites(TestNG.java:1063)
at org.testng.TestNG.run(TestNG.java:1031)
at org.testng.remote.AbstractRemoteTestNG.run(AbstractRemoteTestNG.java:115)
at org.testng.remote.RemoteTestNG.initAndRun(RemoteTestNG.java:251)
at org.testng.remote.RemoteTestNG.main(RemoteTestNG.java:77)
]]>
            </full-stacktrace>
          </exception> <!-- org.openqa.selenium.ElementNotInteractableException -->
          <reporter-output>
          </reporter-output>
        </test-method> <!-- registration -->
        <test-method is-config="true" signature="closeBrowser()[pri:0, instance:learningTestNGWithRealCode.Login@130161f7]" started-at="2021-12-02T01:28:04 MST" name="closeBrowser" finished-at="2021-12-02T01:28:04 MST" duration-ms="141" status="PASS">
          <reporter-output>
          </reporter-output>
        </test-method> <!-- closeBrowser -->
        <test-method is-config="true" signature="openBrowserAndEnterURL()[pri:0, instance:learningTestNGWithRealCode.Login@130161f7]" started-at="2021-12-02T01:28:04 MST" name="openBrowserAndEnterURL" finished-at="2021-12-02T01:28:10 MST" duration-ms="5302" status="PASS">
          <reporter-output>
          </reporter-output>
        </test-method> <!-- openBrowserAndEnterURL -->
        <test-method signature="loginWithInValidCredentials()[pri:2, instance:learningTestNGWithRealCode.Login@130161f7]" started-at="2021-12-02T01:28:10 MST" name="loginWithInValidCredentials" finished-at="2021-12-02T01:28:15 MST" duration-ms="5825" status="PASS">
          <reporter-output>
          </reporter-output>
        </test-method> <!-- loginWithInValidCredentials -->
        <test-method is-config="true" signature="closeBrowser()[pri:0, instance:learningTestNGWithRealCode.Login@130161f7]" started-at="2021-12-02T01:28:15 MST" name="closeBrowser" finished-at="2021-12-02T01:28:16 MST" duration-ms="173" status="PASS">
          <reporter-output>
          </reporter-output>
        </test-method> <!-- closeBrowser -->
        <test-method is-config="true" signature="openBrowserAndEnterURL()[pri:0, instance:learningTestNGWithRealCode.Login@130161f7]" started-at="2021-12-02T01:28:16 MST" name="openBrowserAndEnterURL" finished-at="2021-12-02T01:28:21 MST" duration-ms="4936" status="PASS">
          <reporter-output>
          </reporter-output>
        </test-method> <!-- openBrowserAndEnterURL -->
        <test-method signature="loginWithValidCredentials()[pri:3, instance:learningTestNGWithRealCode.Login@130161f7]" started-at="2021-12-02T01:28:21 MST" name="loginWithValidCredentials" finished-at="2021-12-02T01:28:26 MST" duration-ms="5935" status="PASS">
          <reporter-output>
          </reporter-output>
        </test-method> <!-- loginWithValidCredentials -->
        <test-method is-config="true" signature="closeBrowser()[pri:0, instance:learningTestNGWithRealCode.Login@130161f7]" started-at="2021-12-02T01:28:26 MST" name="closeBrowser" finished-at="2021-12-02T01:28:27 MST" duration-ms="174" status="PASS">
          <reporter-output>
          </reporter-output>
        </test-method> <!-- closeBrowser -->
        <test-method is-config="true" signature="openBrowserAndEnterURL()[pri:0, instance:learningTestNGWithRealCode.Login@130161f7]" started-at="2021-12-02T01:28:27 MST" name="openBrowserAndEnterURL" finished-at="2021-12-02T01:28:32 MST" duration-ms="5215" status="PASS">
          <reporter-output>
          </reporter-output>
        </test-method> <!-- openBrowserAndEnterURL -->
        <test-method signature="loginWithNewValidCredentials()[pri:4, instance:learningTestNGWithRealCode.Login@130161f7]" started-at="2021-12-02T01:28:32 MST" name="loginWithNewValidCredentials" finished-at="2021-12-02T01:28:38 MST" duration-ms="5930" status="PASS">
          <reporter-output>
          </reporter-output>
        </test-method> <!-- loginWithNewValidCredentials -->
        <test-method is-config="true" signature="closeBrowser()[pri:0, instance:learningTestNGWithRealCode.Login@130161f7]" started-at="2021-12-02T01:28:38 MST" name="closeBrowser" finished-at="2021-12-02T01:28:38 MST" duration-ms="170" status="PASS">
          <reporter-output>
          </reporter-output>
        </test-method> <!-- closeBrowser -->
      </class> <!-- learningTestNGWithRealCode.Login -->
    </test> <!-- Test -->
  </suite> <!-- Suite -->
</testng-results>
