<?xml version="1.0" encoding="UTF-8"?>
<!-- Generated by org.testng.reporters.JUnitXMLReporter -->
<testsuite ignored="0" hostname="Swopneels-MBP.domain" failures="0" tests="3" name="Default test" time="4.932" errors="0" timestamp="2022-01-23T03:41:17 MST">
  <testcase classname="libraryAPITests.DynamicJson" name="addBook" time="3.373"/>
  <testcase classname="libraryAPITests.DynamicJson" name="addBook" time="0.743"/>
  <testcase classname="libraryAPITests.DynamicJson" name="addBook" time="0.767"/>
</testsuite> <!-- Default test -->
